2025-06-04 01:24:10 Session: Array
(
    [loggedin] => 1
    [Member_ID] => 202002197
    [Name] => Nosimilo Rose
    [Surname] => Ngwenya
    [Membership_type] => Student
    [CourseDepartmentAffliation] => Electrical &amp; Electronics Engineering
    [Contact] => 76645417
    [Email] => 202002197@student.uniswa.sz
)

POST: Array
(
    [qr_code] => eq78oBKi+CeI3roEMko0cpFmgpT7H6ti1meN35vNhyx8Ljlg2jMA/w56z2pJkpxR
)

2025-06-04 01:34:56 Session: Array
(
    [loggedin] => 1
    [Member_ID] => 202020211
    [Name] => Nozwelo
    [Surname] => Dlamini
    [Membership_type] => External Member
    [CourseDepartmentAffliation] => ECOT
    [Contact] => 76211222
    [Email] => dminenhle81@gmail.com
)

POST: Array
(
    [qr_code] => 4Ib+MRHpPRtEddX/jlqZJwW0HYh4o6fz3Uih4yVZo/yuhsK7SSu9MksrPeT+E2bL
)

2025-06-04 01:40:20 Session: Array
(
    [loggedin] => 1
    [Member_ID] => 2147483647
    [Name] => Sanele
    [Surname] => Motsa
    [Membership_type] => Staff
    [CourseDepartmentAffliation] => Electrical &amp; Electronics Engineering
    [Contact] => 76213456
    [Email] => dminenhle477@gmail.com
)

POST: Array
(
    [qr_code] => 4Ib+MRHpPRtEddX/jlqZJwW0HYh4o6fz3Uih4yVZo/yuhsK7SSu9MksrPeT+E2bL
)

2025-06-04 01:41:55 Session: Array
(
    [loggedin] => 1
    [Member_ID] => 2147483647
    [Name] => Sanele
    [Surname] => Motsa
    [Membership_type] => Staff
    [CourseDepartmentAffliation] => Electrical &amp; Electronics Engineering
    [Contact] => 76213456
    [Email] => dminenhle477@gmail.com
)

POST: Array
(
    [qr_code] => 4Ib+MRHpPRtEddX/jlqZJwW0HYh4o6fz3Uih4yVZo/yuhsK7SSu9MksrPeT+E2bL
)

2025-06-04 01:52:10 Session: Array
(
    [loggedin] => 1
    [Member_ID] => 202002197
    [Name] => Nosimilo Rose
    [Surname] => Ngwenya
    [Membership_type] => Student
    [CourseDepartmentAffliation] => Electrical &amp; Electronics Engineering
    [Contact] => 76645417
    [Email] => 202002197@student.uniswa.sz
)

POST: Array
(
    [qr_code] => eq78oBKi+CeI3roEMko0cpFmgpT7H6ti1meN35vNhyx8Ljlg2jMA/w56z2pJkpxR
)

2025-06-04 02:04:15 Session: Array
(
    [loggedin] => 1
    [Member_ID] => 202002197
    [Name] => Nosimilo Rose
    [Surname] => Ngwenya
    [Membership_type] => Student
    [CourseDepartmentAffliation] => Electrical &amp; Electronics Engineering
    [Contact] => 76645417
    [Email] => 202002197@student.uniswa.sz
)

POST: Array
(
    [qr_code] => eq78oBKi+CeI3roEMko0cpFmgpT7H6ti1meN35vNhyx8Ljlg2jMA/w56z2pJkpxR
)

2025-06-04 02:05:45 Session: Array
(
    [loggedin] => 1
    [Member_ID] => 202002197
    [Name] => Nosimilo Rose
    [Surname] => Ngwenya
    [Membership_type] => Student
    [CourseDepartmentAffliation] => Electrical &amp; Electronics Engineering
    [Contact] => 76645417
    [Email] => 202002197@student.uniswa.sz
    [message] => 
)

POST: Array
(
    [qr_code] => eq78oBKi+CeI3roEMko0cpFmgpT7H6ti1meN35vNhyx8Ljlg2jMA/w56z2pJkpxR
)

2025-06-04 02:05:55 Session: Array
(
    [loggedin] => 1
    [Member_ID] => 202002197
    [Name] => Nosimilo Rose
    [Surname] => Ngwenya
    [Membership_type] => Student
    [CourseDepartmentAffliation] => Electrical &amp; Electronics Engineering
    [Contact] => 76645417
    [Email] => 202002197@student.uniswa.sz
    [message] => 
)

POST: Array
(
    [qr_code] => eq78oBKi+CeI3roEMko0cpFmgpT7H6ti1meN35vNhyx8Ljlg2jMA/w56z2pJkpxR
)

2025-06-04 02:07:13 Session: Array
(
    [loggedin] => 1
    [Member_ID] => 202002197
    [Name] => Nosimilo Rose
    [Surname] => Ngwenya
    [Membership_type] => Student
    [CourseDepartmentAffliation] => Electrical &amp; Electronics Engineering
    [Contact] => 76645417
    [Email] => 202002197@student.uniswa.sz
    [message] => 
)

POST: Array
(
    [qr_code] => eq78oBKi+CeI3roEMko0cpFmgpT7H6ti1meN35vNhyx8Ljlg2jMA/w56z2pJkpxR
)

2025-06-04 02:09:12 Session: Array
(
    [loggedin] => 1
    [Member_ID] => 202002197
    [Name] => Nosimilo Rose
    [Surname] => Ngwenya
    [Membership_type] => Student
    [CourseDepartmentAffliation] => Electrical &amp; Electronics Engineering
    [Contact] => 76645417
    [Email] => 202002197@student.uniswa.sz
    [message] => 
)

POST: Array
(
    [qr_code] => eq78oBKi+CeI3roEMko0cpFmgpT7H6ti1meN35vNhyx8Ljlg2jMA/w56z2pJkpxR
)

2025-06-04 02:09:12 Decrypted ISBN: 978-0-471-23862-1
2025-06-04 02:09:12 Book ID: 31
2025-06-04 02:09:12 No matching borrowed record for BookID: 31, UserID: 163
2025-06-04 02:09:31 Session: Array
(
    [loggedin] => 1
    [Member_ID] => 202002197
    [Name] => Nosimilo Rose
    [Surname] => Ngwenya
    [Membership_type] => Student
    [CourseDepartmentAffliation] => Electrical &amp; Electronics Engineering
    [Contact] => 76645417
    [Email] => 202002197@student.uniswa.sz
    [message] => 
)

POST: Array
(
    [qr_code] => eq78oBKi+CeI3roEMko0cpFmgpT7H6ti1meN35vNhyx8Ljlg2jMA/w56z2pJkpxR
)

2025-06-04 02:09:31 Decrypted ISBN: 978-0-471-23862-1
2025-06-04 02:09:31 Book ID: 31
2025-06-04 02:09:31 No matching borrowed record for BookID: 31, UserID: 163
2025-06-04 02:16:38 Session: Array
(
    [loggedin] => 1
    [Member_ID] => 202002197
    [Name] => Nosimilo Rose
    [Surname] => Ngwenya
    [Membership_type] => Student
    [CourseDepartmentAffliation] => Electrical &amp; Electronics Engineering
    [Contact] => 76645417
    [Email] => 202002197@student.uniswa.sz
    [message] => 
)

POST: Array
(
    [qr_code] => eq78oBKi+CeI3roEMko0cpFmgpT7H6ti1meN35vNhyx8Ljlg2jMA/w56z2pJkpxR
)

2025-06-04 02:18:57 Session: Array
(
    [loggedin] => 1
    [Member_ID] => 202002197
    [Name] => Nosimilo Rose
    [Surname] => Ngwenya
    [Membership_type] => Student
    [CourseDepartmentAffliation] => Electrical &amp; Electronics Engineering
    [Contact] => 76645417
    [Email] => 202002197@student.uniswa.sz
    [message] => 
)

POST: Array
(
    [qr_code] => eq78oBKi+CeI3roEMko0cpFmgpT7H6ti1meN35vNhyx8Ljlg2jMA/w56z2pJkpxR
)

2025-06-04 02:19:08 Session: Array
(
    [loggedin] => 1
    [Member_ID] => 202002197
    [Name] => Nosimilo Rose
    [Surname] => Ngwenya
    [Membership_type] => Student
    [CourseDepartmentAffliation] => Electrical &amp; Electronics Engineering
    [Contact] => 76645417
    [Email] => 202002197@student.uniswa.sz
    [message] => 
)

POST: Array
(
    [qr_code] => eq78oBKi+CeI3roEMko0cpFmgpT7H6ti1meN35vNhyx8Ljlg2jMA/w56z2pJkpxR
)

